\BOOKMARK [1][-]{section*.6}{\376\377\000I\000n\000t\000r\000o\000d\000u\000c\000c\000i\000\363\000n}{}% 1
\BOOKMARK [1][-]{section.1}{\376\377\000E\000s\000t\000a\000d\000o\000\040\000d\000e\000l\000\040\000a\000r\000t\000e}{}% 2
\BOOKMARK [2][-]{subsection.1.1}{\376\377\000T\000r\000a\000b\000a\000j\000o\000s\000\040\000R\000e\000l\000a\000c\000i\000o\000n\000a\000d\000o\000s}{section.1}% 3
\BOOKMARK [3][-]{subsubsection.1.1.1}{\376\377\000E\000S\000P\0003\0002\000\040\000e\000n\000\040\000a\000p\000l\000i\000c\000a\000c\000i\000o\000n\000e\000s\000\040\000d\000e\000\040\000I\000o\000T}{subsection.1.1}% 4
\BOOKMARK [3][-]{subsubsection.1.1.2}{\376\377\000V\000a\000r\000i\000a\000n\000t\000e\000s\000\040\000y\000\040\000c\000o\000m\000p\000o\000n\000e\000n\000t\000e\000s\000\040\000c\000l\000a\000v\000e\000\040\000d\000e\000l\000\040\000E\000S\000P\0003\0002}{subsection.1.1}% 5
\BOOKMARK [3][-]{subsubsection.1.1.3}{\376\377\000E\000S\000P\0003\0002\000\040\000e\000n\000\040\000C\000a\000s\000a\000s\000\040\000I\000n\000t\000e\000l\000i\000g\000e\000n\000t\000e\000s\000\040\000y\000\040\000a\000p\000l\000i\000c\000a\000c\000i\000o\000n\000e\000s\000\040\000i\000n\000d\000u\000s\000t\000r\000i\000a\000l\000e\000s}{subsection.1.1}% 6
\BOOKMARK [3][-]{subsubsection.1.1.4}{\376\377\000P\000r\000o\000s\000\040\000y\000\040\000c\000o\000n\000t\000r\000a\000s\000\040\000d\000e\000\040\000E\000S\000P\0003\0002\000\040\000e\000n\000\040\000a\000p\000l\000i\000c\000a\000c\000i\000o\000n\000e\000s\000\040\000d\000e\000\040\000I\000o\000T}{subsection.1.1}% 7
\BOOKMARK [2][-]{subsection.1.2}{\376\377\000C\000o\000n\000c\000e\000p\000t\000o\000s\000\040\000t\000e\000\363\000r\000i\000c\000o\000s}{section.1}% 8
\BOOKMARK [3][-]{subsubsection.1.2.1}{\376\377\000I\000n\000t\000e\000r\000n\000e\000t\000\040\000o\000f\000\040\000T\000h\000i\000n\000g\000s\000\040\000\050\000I\000o\000T\000\051}{subsection.1.2}% 9
\BOOKMARK [3][-]{subsubsection.1.2.2}{\376\377\000M\000i\000c\000r\000o\000c\000o\000n\000t\000r\000o\000l\000a\000d\000o\000r\000e\000s\000\040\000y\000\040\000E\000S\000P\0003\0002}{subsection.1.2}% 10
\BOOKMARK [3][-]{subsubsection.1.2.3}{\376\377\000W\000i\000-\000F\000i\000\040\000y\000\040\000B\000l\000u\000e\000t\000o\000o\000t\000h\000\040\000e\000n\000\040\000I\000o\000T}{subsection.1.2}% 11
\BOOKMARK [3][-]{subsubsection.1.2.4}{\376\377\000S\000e\000n\000s\000o\000r\000e\000s\000\040\000y\000\040\000A\000c\000t\000u\000a\000d\000o\000r\000e\000s}{subsection.1.2}% 12
\BOOKMARK [3][-]{subsubsection.1.2.5}{\376\377\000P\000r\000o\000t\000o\000c\000o\000l\000o\000\040\000M\000Q\000T\000T}{subsection.1.2}% 13
\BOOKMARK [3][-]{subsubsection.1.2.6}{\376\377\000P\000i\000n\000e\000s\000\040\000G\000P\000I\000O\000\040\000e\000\040\000i\000n\000t\000e\000r\000f\000a\000c\000e\000s\000\040\000p\000e\000r\000i\000f\000\351\000r\000i\000c\000a\000s}{subsection.1.2}% 14
\BOOKMARK [3][-]{subsubsection.1.2.7}{\376\377\000C\000o\000n\000s\000u\000m\000o\000\040\000d\000e\000\040\000e\000n\000e\000r\000g\000\355\000a\000\040\000y\000\040\000m\000o\000d\000o\000s\000\040\000d\000e\000\040\000s\000u\000s\000p\000e\000n\000s\000i\000\363\000n}{subsection.1.2}% 15
\BOOKMARK [3][-]{subsubsection.1.2.8}{\376\377\000V\000a\000r\000i\000a\000n\000t\000e\000s\000\040\000d\000e\000\040\000E\000S\000P\0003\0002}{subsection.1.2}% 16
\BOOKMARK [3][-]{subsubsection.1.2.9}{\376\377\000R\000T\000O\000S\000\040\000y\000\040\000E\000S\000P\000-\000I\000D\000F}{subsection.1.2}% 17
\BOOKMARK [3][-]{subsubsection.1.2.10}{\376\377\000M\000i\000c\000r\000o\000P\000y\000t\000h\000o\000n}{subsection.1.2}% 18
\BOOKMARK [3][-]{subsubsection.1.2.11}{\376\377\000M\000Q\000T\000T\000\040\000y\000\040\000H\000T\000T\000P}{subsection.1.2}% 19
\BOOKMARK [3][-]{subsubsection.1.2.12}{\376\377\000D\000o\000c\000k\000e\000r}{subsection.1.2}% 20
\BOOKMARK [3][-]{subsubsection.1.2.13}{\376\377\000L\000i\000b\000r\000e\000r\000\355\000a\000s\000\040\000y\000\040\000H\000e\000r\000r\000a\000m\000i\000e\000n\000t\000a\000s\000\040\000C\000o\000m\000p\000l\000e\000m\000e\000n\000t\000a\000r\000i\000a\000s}{subsection.1.2}% 21
\BOOKMARK [3][-]{subsubsection.1.2.14}{\376\377\000M\000i\000c\000r\000o\000c\000o\000n\000t\000r\000o\000l\000a\000d\000o\000r\000\040\000E\000S\000P\0003\0002}{subsection.1.2}% 22
\BOOKMARK [3][-]{subsubsection.1.2.15}{\376\377\000S\000e\000n\000s\000o\000r\000\040\000D\000H\000T\0002\0002}{subsection.1.2}% 23
\BOOKMARK [3][-]{subsubsection.1.2.16}{\376\377\000A\000c\000t\000u\000a\000d\000o\000r\000e\000s}{subsection.1.2}% 24
\BOOKMARK [3][-]{subsubsection.1.2.17}{\376\377\000I\000n\000f\000r\000a\000e\000s\000t\000r\000u\000c\000t\000u\000r\000a\000\040\000d\000e\000l\000\040\000S\000e\000r\000v\000i\000d\000o\000r}{subsection.1.2}% 25
\BOOKMARK [3][-]{subsubsection.1.2.18}{\376\377\000O\000t\000r\000o\000s\000\040\000C\000o\000m\000p\000o\000n\000e\000n\000t\000e\000s}{subsection.1.2}% 26
\BOOKMARK [2][-]{subsection.1.3}{\376\377\000C\000o\000n\000c\000l\000u\000s\000i\000o\000n\000e\000s\000\040\000d\000e\000l\000\040\000e\000s\000t\000a\000d\000o\000\040\000d\000e\000l\000\040\000a\000r\000t\000e}{section.1}% 27
\BOOKMARK [1][-]{section.2}{\376\377\000D\000e\000s\000a\000r\000r\000o\000l\000l\000o}{}% 28
\BOOKMARK [2][-]{subsection.2.1}{\376\377\000D\000e\000s\000c\000r\000i\000p\000c\000i\000\363\000n\000\040\000d\000e\000l\000\040\000c\000a\000s\000o\000\040\000d\000e\000\040\000e\000s\000t\000u\000d\000i\000o}{section.2}% 29
\BOOKMARK [3][-]{subsubsection.2.1.1}{\376\377\000P\000r\000o\000b\000l\000e\000m\000\341\000t\000i\000c\000a}{subsection.2.1}% 30
\BOOKMARK [3][-]{subsubsection.2.1.2}{\376\377\000O\000b\000j\000e\000t\000i\000v\000o\000\040\000d\000e\000l\000\040\000c\000a\000s\000o\000\040\000d\000e\000\040\000e\000s\000t\000u\000d\000i\000o}{subsection.2.1}% 31
\BOOKMARK [3][-]{subsubsection.2.1.3}{\376\377\000E\000v\000a\000l\000u\000a\000c\000i\000\363\000n\000\040\000d\000e\000\040\000s\000o\000l\000u\000c\000i\000\363\000n\000\040\000d\000e\000l\000\040\000c\000a\000s\000o\000\040\000d\000e\000\040\000e\000s\000t\000u\000d\000i\000o}{subsection.2.1}% 32
\BOOKMARK [2][-]{subsection.2.2}{\376\377\000M\000e\000t\000o\000d\000o\000l\000o\000g\000\355\000a\000\040\000d\000e\000\040\000d\000e\000s\000a\000r\000r\000o\000l\000l\000o\000\040\000d\000e\000\040\000l\000a\000\040\000s\000o\000l\000u\000c\000i\000\363\000n}{section.2}% 33
\BOOKMARK [3][-]{subsubsection.2.2.1}{\376\377\000E\000s\000p\000e\000c\000i\000f\000i\000c\000a\000c\000i\000\363\000n\000\040\000d\000e\000\040\000r\000e\000q\000u\000e\000r\000i\000m\000i\000e\000n\000t\000o\000s}{subsection.2.2}% 34
\BOOKMARK [3][-]{subsubsection.2.2.2}{\376\377\000H\000e\000r\000r\000a\000m\000i\000e\000n\000t\000a\000s}{subsection.2.2}% 35
\BOOKMARK [2][-]{subsection.2.3}{\376\377\000D\000i\000s\000e\000\361\000o\000\040\000d\000e\000\040\000a\000r\000q\000u\000i\000t\000e\000c\000t\000u\000r\000a\000\040\000d\000e\000\040\000d\000e\000s\000a\000r\000r\000o\000l\000l\000o}{section.2}% 36
\BOOKMARK [3][-]{subsubsection.2.3.1}{\376\377\000I\000n\000t\000e\000g\000r\000a\000c\000i\000\363\000n\000\040\000e\000\040\000i\000n\000t\000e\000r\000f\000a\000c\000e\000s}{subsection.2.3}% 37
\BOOKMARK [3][-]{subsubsection.2.3.2}{\376\377\000A\000n\000\341\000l\000i\000s\000i\000s\000\040\000d\000e\000\040\000d\000a\000t\000o\000s}{subsection.2.3}% 38
\BOOKMARK [2][-]{subsection.2.4}{\376\377\000M\000\363\000d\000u\000l\000o\000s}{section.2}% 39
\BOOKMARK [3][-]{subsubsection.2.4.1}{\376\377\000D\000i\000s\000e\000\361\000o\000\040\000d\000e\000\040\000m\000\363\000d\000u\000l\000o\000s}{subsection.2.4}% 40
\BOOKMARK [2][-]{subsection.2.5}{\376\377\000E\000s\000t\000r\000u\000c\000t\000u\000r\000a\000\040\000G\000e\000n\000e\000r\000a\000l\000\040\000d\000e\000l\000\040\000P\000r\000o\000y\000e\000c\000t\000o}{section.2}% 41
\BOOKMARK [2][-]{subsection.2.6}{\376\377\000C\000\363\000d\000i\000g\000o\000\040\000P\000r\000i\000n\000c\000i\000p\000a\000l\000\040\000d\000e\000l\000\040\000E\000S\000P\0003\0002}{section.2}% 42
\BOOKMARK [3][-]{subsubsection.2.6.1}{\376\377\000C\000o\000n\000f\000i\000g\000u\000r\000a\000c\000i\000\363\000n\000\040\000i\000n\000i\000c\000i\000a\000l}{subsection.2.6}% 43
\BOOKMARK [3][-]{subsubsection.2.6.2}{\376\377\000G\000e\000s\000t\000i\000\363\000n\000\040\000d\000e\000\040\000d\000i\000s\000p\000o\000s\000i\000t\000i\000v\000o\000s}{subsection.2.6}% 44
\BOOKMARK [3][-]{subsubsection.2.6.3}{\376\377\000E\000n\000l\000a\000c\000e\000\040\000c\000o\000n\000\040\000e\000l\000\040\000s\000e\000r\000v\000i\000d\000o\000r}{subsection.2.6}% 45
\BOOKMARK [3][-]{subsubsection.2.6.4}{\376\377\000L\000\363\000g\000i\000c\000a\000\040\000p\000r\000i\000n\000c\000i\000p\000a\000l}{subsection.2.6}% 46
\BOOKMARK [3][-]{subsubsection.2.6.5}{\376\377\000G\000e\000s\000t\000i\000\363\000n\000\040\000d\000e\000\040\000L\000E\000D\000s\000\040\000y\000\040\000v\000e\000n\000t\000i\000l\000a\000d\000o\000r\000e\000s}{subsection.2.6}% 47
\BOOKMARK [2][-]{subsection.2.7}{\376\377\000I\000n\000s\000t\000r\000u\000c\000c\000i\000o\000n\000e\000s\000\040\000p\000a\000r\000a\000\040\000E\000j\000e\000c\000u\000t\000a\000r\000\040\000e\000l\000\040\000C\000\363\000d\000i\000g\000o}{section.2}% 48
\BOOKMARK [1][-]{section.3}{\376\377\000R\000e\000s\000u\000l\000t\000a\000d\000o\000s}{}% 49
\BOOKMARK [2][-]{subsection.3.1}{\376\377\000C\000r\000e\000a\000c\000i\000\363\000n\000\040\000y\000\040\000C\000o\000n\000f\000i\000g\000u\000r\000a\000c\000i\000\363\000n\000\040\000d\000e\000l\000\040\000S\000e\000r\000v\000i\000d\000o\000r\000\040\000D\000o\000c\000k\000e\000r\000\040\000e\000n\000\040\000D\000i\000g\000i\000t\000a\000l\000O\000c\000e\000a\000n}{section.3}% 50
\BOOKMARK [2][-]{subsection.3.2}{\376\377\000D\000e\000s\000p\000l\000i\000e\000g\000u\000e\000\040\000d\000e\000l\000\040\000D\000a\000s\000h\000b\000o\000a\000r\000d}{section.3}% 51
\BOOKMARK [2][-]{subsection.3.3}{\376\377\000C\000o\000n\000f\000i\000g\000u\000r\000a\000c\000i\000\363\000n\000\040\000y\000\040\000C\000o\000n\000e\000x\000i\000\363\000n\000\040\000c\000o\000n\000\040\000R\000a\000b\000b\000i\000t\000M\000Q}{section.3}% 52
\BOOKMARK [2][-]{subsection.3.4}{\376\377\000C\000o\000n\000e\000x\000i\000\363\000n\000\040\000d\000e\000l\000\040\000M\000i\000c\000r\000o\000c\000o\000n\000t\000r\000o\000l\000a\000d\000o\000r\000\040\000E\000S\000P\0003\0002\000\040\000c\000o\000n\000\040\000e\000l\000\040\000D\000a\000s\000h\000b\000o\000a\000r\000d}{section.3}% 53
\BOOKMARK [2][-]{subsection.3.5}{\376\377\000P\000r\000u\000e\000b\000a\000s\000\040\000y\000\040\000V\000a\000l\000i\000d\000a\000c\000i\000\363\000n\000\040\000d\000e\000l\000\040\000S\000i\000s\000t\000e\000m\000a}{section.3}% 54
\BOOKMARK [2][-]{subsection.3.6}{\376\377\000I\000n\000t\000e\000g\000r\000a\000c\000i\000\363\000n\000\040\000C\000o\000m\000p\000l\000e\000t\000a\000\040\000y\000\040\000F\000u\000n\000c\000i\000o\000n\000a\000m\000i\000e\000n\000t\000o\000\040\000e\000n\000\040\000T\000i\000e\000m\000p\000o\000\040\000R\000e\000a\000l}{section.3}% 55
\BOOKMARK [1][-]{section.4}{\376\377\000C\000o\000n\000c\000l\000u\000s\000i\000o\000n\000e\000s\000\040\000y\000\040\000T\000r\000a\000b\000a\000j\000o\000s\000\040\000F\000u\000t\000u\000r\000o\000s}{}% 56
\BOOKMARK [2][-]{subsection.4.1}{\376\377\000C\000o\000n\000c\000l\000u\000s\000i\000o\000n\000e\000s}{section.4}% 57
\BOOKMARK [2][-]{subsection.4.2}{\376\377\000T\000r\000a\000b\000a\000j\000o\000s\000\040\000F\000u\000t\000u\000r\000o\000s}{section.4}% 58
\BOOKMARK [1][-]{section*.18}{\376\377\000B\000i\000b\000l\000i\000o\000g\000r\000a\000f\000\355\000a}{}% 59
